<?xml version="1.0" encoding="UTF-8"?>
<testsuite xmlns:xsi="http://www.w3.org/2001/XMLSchema-instance" xsi:noNamespaceSchemaLocation="https://maven.apache.org/surefire/maven-surefire-plugin/xsd/surefire-test-report-3.0.xsd" version="3.0" name="com.sensordata.SensorDataProcessorTest" time="0.379" tests="8" errors="0" skipped="0" failures="0">
  <properties>
[...]
</properties>
  <testcase name="testCalculate_branchA" classname="com.sensordata.SensorDataProcessorTest" time="0.14">
    <system-out><![CDATA[calculate() completed in 1 ms
]]></system-out>
  </testcase>
  <testcase name="testCalculate_branchB" classname="com.sensordata.SensorDataProcessorTest" time="0.006">
    <system-out><![CDATA[calculate() completed in 1 ms
]]></system-out>
  </testcase>
  <testcase name="testCalculate_branchC" classname="com.sensordata.SensorDataProcessorTest" time="0.008">
    <system-out><![CDATA[calculate() completed in 1 ms
]]></system-out>
  </testcase>
  <testcase name="testCalculate_branchA_avgAbove50" classname="com.sensordata.SensorDataProcessorTest" time="0.006">
    <system-out><![CDATA[calculate() completed in 0 ms
]]></system-out>
  </testcase>
  <testcase name="testCalculate_catchBlock_ioException" classname="com.sensordata.SensorDataProcessorTest" time="0.01">
    <system-out><![CDATA[Error= java.io.FileNotFoundException: RacingStatsData.txt (Access is denied)
calculate() failed after 1 ms
]]></system-out>
  </testcase>
  <testcase name="testCalculate_branchD_continue" classname="com.sensordata.SensorDataProcessorTest" time="0.009">
    <system-out><![CDATA[calculate() completed in 2 ms
]]></system-out>
  </testcase>
  <testcase name="testCalculate_multipleGroups" classname="com.sensordata.SensorDataProcessorTest" time="0.008">
    <system-out><![CDATA[calculate() completed in 1 ms
]]></system-out>
  </testcase>
  <testcase name="testConstructor" classname="com.sensordata.SensorDataProcessorTest" time="0.007"/>
</testsuite>